<?xml version="1.0" encoding="UTF-8"?>
<testsuite xmlns:xsi="http://www.w3.org/2001/XMLSchema-instance" xsi:noNamespaceSchemaLocation="https://maven.apache.org/surefire/maven-surefire-plugin/xsd/surefire-test-report.xsd" name="pers.sunny.blog.SunnyblogApplicationTests" time="11.094" tests="12" errors="0" skipped="0" failures="0">
  <properties>
    <property name="sun.desktop" value="windows"/>
    <property name="awt.toolkit" value="sun.awt.windows.WToolkit"/>
    <property name="java.specification.version" value="12"/>
    <property name="sun.cpu.isalist" value="amd64"/>
    <property name="sun.jnu.encoding" value="GBK"/>
    <property name="java.class.path" value="E:\JavaCode\Idea-workplace\sunnyblog\target\test-classes;E:\JavaCode\Idea-workplace\sunnyblog\target\classes;E:\Maven\apache-maven-3.6.3\repo\org\springframework\boot\spring-boot-starter-web\2.3.2.RELEASE\spring-boot-starter-web-2.3.2.RELEASE.jar;E:\Maven\apache-maven-3.6.3\repo\org\springframework\boot\spring-boot-starter\2.3.2.RELEASE\spring-boot-starter-2.3.2.RELEASE.jar;E:\Maven\apache-maven-3.6.3\repo\org\springframework\boot\spring-boot-starter-logging\2.3.2.RELEASE\spring-boot-starter-logging-2.3.2.RELEASE.jar;E:\Maven\apache-maven-3.6.3\repo\ch\qos\logback\logback-classic\1.2.3\logback-classic-1.2.3.jar;E:\Maven\apache-maven-3.6.3\repo\ch\qos\logback\logback-core\1.2.3\logback-core-1.2.3.jar;E:\Maven\apache-maven-3.6.3\repo\org\apache\logging\log4j\log4j-to-slf4j\2.13.3\log4j-to-slf4j-2.13.3.jar;E:\Maven\apache-maven-3.6.3\repo\org\apache\logging\log4j\log4j-api\2.13.3\log4j-api-2.13.3.jar;E:\Maven\apache-maven-3.6.3\repo\org\slf4j\jul-to-slf4j\1.7.30\jul-to-slf4j-1.7.30.jar;E:\Maven\apache-maven-3.6.3\repo\jakarta\annotation\jakarta.annotation-api\1.3.5\jakarta.annotation-api-1.3.5.jar;E:\Maven\apache-maven-3.6.3\repo\org\yaml\snakeyaml\1.26\snakeyaml-1.26.jar;E:\Maven\apache-maven-3.6.3\repo\org\springframework\boot\spring-boot-starter-json\2.3.2.RELEASE\spring-boot-starter-json-2.3.2.RELEASE.jar;E:\Maven\apache-maven-3.6.3\repo\com\fasterxml\jackson\core\jackson-databind\2.11.1\jackson-databind-2.11.1.jar;E:\Maven\apache-maven-3.6.3\repo\com\fasterxml\jackson\core\jackson-annotations\2.11.1\jackson-annotations-2.11.1.jar;E:\Maven\apache-maven-3.6.3\repo\com\fasterxml\jackson\core\jackson-core\2.11.1\jackson-core-2.11.1.jar;E:\Maven\apache-maven-3.6.3\repo\com\fasterxml\jackson\datatype\jackson-datatype-jdk8\2.11.1\jackson-datatype-jdk8-2.11.1.jar;E:\Maven\apache-maven-3.6.3\repo\com\fasterxml\jackson\datatype\jackson-datatype-jsr310\2.11.1\jackson-datatype-jsr310-2.11.1.jar;E:\Maven\apache-maven-3.6.3\repo\com\fasterxml\jackson\module\jackson-module-parameter-names\2.11.1\jackson-module-parameter-names-2.11.1.jar;E:\Maven\apache-maven-3.6.3\repo\org\springframework\boot\spring-boot-starter-tomcat\2.3.2.RELEASE\spring-boot-starter-tomcat-2.3.2.RELEASE.jar;E:\Maven\apache-maven-3.6.3\repo\org\apache\tomcat\embed\tomcat-embed-core\9.0.37\tomcat-embed-core-9.0.37.jar;E:\Maven\apache-maven-3.6.3\repo\org\glassfish\jakarta.el\3.0.3\jakarta.el-3.0.3.jar;E:\Maven\apache-maven-3.6.3\repo\org\apache\tomcat\embed\tomcat-embed-websocket\9.0.37\tomcat-embed-websocket-9.0.37.jar;E:\Maven\apache-maven-3.6.3\repo\org\springframework\spring-web\5.2.8.RELEASE\spring-web-5.2.8.RELEASE.jar;E:\Maven\apache-maven-3.6.3\repo\org\springframework\spring-beans\5.2.8.RELEASE\spring-beans-5.2.8.RELEASE.jar;E:\Maven\apache-maven-3.6.3\repo\org\springframework\spring-webmvc\5.2.8.RELEASE\spring-webmvc-5.2.8.RELEASE.jar;E:\Maven\apache-maven-3.6.3\repo\org\springframework\spring-context\5.2.8.RELEASE\spring-context-5.2.8.RELEASE.jar;E:\Maven\apache-maven-3.6.3\repo\org\springframework\spring-expression\5.2.8.RELEASE\spring-expression-5.2.8.RELEASE.jar;E:\Maven\apache-maven-3.6.3\repo\org\springframework\boot\spring-boot-devtools\2.3.2.RELEASE\spring-boot-devtools-2.3.2.RELEASE.jar;E:\Maven\apache-maven-3.6.3\repo\org\springframework\boot\spring-boot\2.3.2.RELEASE\spring-boot-2.3.2.RELEASE.jar;E:\Maven\apache-maven-3.6.3\repo\org\springframework\boot\spring-boot-autoconfigure\2.3.2.RELEASE\spring-boot-autoconfigure-2.3.2.RELEASE.jar;E:\Maven\apache-maven-3.6.3\repo\org\springframework\boot\spring-boot-starter-aop\2.3.2.RELEASE\spring-boot-starter-aop-2.3.2.RELEASE.jar;E:\Maven\apache-maven-3.6.3\repo\org\springframework\spring-aop\5.2.8.RELEASE\spring-aop-5.2.8.RELEASE.jar;E:\Maven\apache-maven-3.6.3\repo\org\aspectj\aspectjweaver\1.9.6\aspectjweaver-1.9.6.jar;E:\Maven\apache-maven-3.6.3\repo\org\springframework\boot\spring-boot-starter-thymeleaf\2.3.2.RELEASE\spring-boot-starter-thymeleaf-2.3.2.RELEASE.jar;E:\Maven\apache-maven-3.6.3\repo\org\thymeleaf\thymeleaf-spring5\3.0.11.RELEASE\thymeleaf-spring5-3.0.11.RELEASE.jar;E:\Maven\apache-maven-3.6.3\repo\net\sourceforge\nekohtml\nekohtml\1.9.22\nekohtml-1.9.22.jar;E:\Maven\apache-maven-3.6.3\repo\xerces\xercesImpl\2.11.0\xercesImpl-2.11.0.jar;E:\Maven\apache-maven-3.6.3\repo\xml-apis\xml-apis\1.4.01\xml-apis-1.4.01.jar;E:\Maven\apache-maven-3.6.3\repo\com\baomidou\mybatis-plus-boot-starter\3.3.2\mybatis-plus-boot-starter-3.3.2.jar;E:\Maven\apache-maven-3.6.3\repo\com\baomidou\mybatis-plus\3.3.2\mybatis-plus-3.3.2.jar;E:\Maven\apache-maven-3.6.3\repo\org\springframework\boot\spring-boot-starter-jdbc\2.3.2.RELEASE\spring-boot-starter-jdbc-2.3.2.RELEASE.jar;E:\Maven\apache-maven-3.6.3\repo\com\zaxxer\HikariCP\3.4.5\HikariCP-3.4.5.jar;E:\Maven\apache-maven-3.6.3\repo\org\springframework\spring-jdbc\5.2.8.RELEASE\spring-jdbc-5.2.8.RELEASE.jar;E:\Maven\apache-maven-3.6.3\repo\org\springframework\spring-tx\5.2.8.RELEASE\spring-tx-5.2.8.RELEASE.jar;E:\Maven\apache-maven-3.6.3\repo\com\baomidou\mybatis-plus-generator\3.3.2\mybatis-plus-generator-3.3.2.jar;E:\Maven\apache-maven-3.6.3\repo\com\baomidou\mybatis-plus-extension\3.3.2\mybatis-plus-extension-3.3.2.jar;E:\Maven\apache-maven-3.6.3\repo\com\baomidou\mybatis-plus-core\3.3.2\mybatis-plus-core-3.3.2.jar;E:\Maven\apache-maven-3.6.3\repo\com\baomidou\mybatis-plus-annotation\3.3.2\mybatis-plus-annotation-3.3.2.jar;E:\Maven\apache-maven-3.6.3\repo\org\mybatis\mybatis-spring\2.0.4\mybatis-spring-2.0.4.jar;E:\Maven\apache-maven-3.6.3\repo\org\apache\velocity\velocity-engine-core\2.2\velocity-engine-core-2.2.jar;E:\Maven\apache-maven-3.6.3\repo\org\apache\commons\commons-lang3\3.10\commons-lang3-3.10.jar;E:\Maven\apache-maven-3.6.3\repo\org\slf4j\slf4j-api\1.7.30\slf4j-api-1.7.30.jar;E:\Maven\apache-maven-3.6.3\repo\mysql\mysql-connector-java\8.0.21\mysql-connector-java-8.0.21.jar;E:\Maven\apache-maven-3.6.3\repo\com\alibaba\druid\1.1.23\druid-1.1.23.jar;E:\Maven\apache-maven-3.6.3\repo\org\apache\shiro\shiro-spring\1.5.3\shiro-spring-1.5.3.jar;E:\Maven\apache-maven-3.6.3\repo\org\apache\shiro\shiro-core\1.5.3\shiro-core-1.5.3.jar;E:\Maven\apache-maven-3.6.3\repo\org\apache\shiro\shiro-lang\1.5.3\shiro-lang-1.5.3.jar;E:\Maven\apache-maven-3.6.3\repo\org\apache\shiro\shiro-cache\1.5.3\shiro-cache-1.5.3.jar;E:\Maven\apache-maven-3.6.3\repo\org\apache\shiro\shiro-crypto-hash\1.5.3\shiro-crypto-hash-1.5.3.jar;E:\Maven\apache-maven-3.6.3\repo\org\apache\shiro\shiro-crypto-core\1.5.3\shiro-crypto-core-1.5.3.jar;E:\Maven\apache-maven-3.6.3\repo\org\apache\shiro\shiro-crypto-cipher\1.5.3\shiro-crypto-cipher-1.5.3.jar;E:\Maven\apache-maven-3.6.3\repo\org\apache\shiro\shiro-config-core\1.5.3\shiro-config-core-1.5.3.jar;E:\Maven\apache-maven-3.6.3\repo\org\apache\shiro\shiro-config-ogdl\1.5.3\shiro-config-ogdl-1.5.3.jar;E:\Maven\apache-maven-3.6.3\repo\commons-beanutils\commons-beanutils\1.9.4\commons-beanutils-1.9.4.jar;E:\Maven\apache-maven-3.6.3\repo\commons-collections\commons-collections\3.2.2\commons-collections-3.2.2.jar;E:\Maven\apache-maven-3.6.3\repo\org\apache\shiro\shiro-event\1.5.3\shiro-event-1.5.3.jar;E:\Maven\apache-maven-3.6.3\repo\org\apache\shiro\shiro-web\1.5.3\shiro-web-1.5.3.jar;E:\Maven\apache-maven-3.6.3\repo\org\owasp\encoder\encoder\1.2.2\encoder-1.2.2.jar;E:\Maven\apache-maven-3.6.3\repo\com\github\pagehelper\pagehelper-spring-boot-starter\1.3.0\pagehelper-spring-boot-starter-1.3.0.jar;E:\Maven\apache-maven-3.6.3\repo\org\mybatis\spring\boot\mybatis-spring-boot-starter\2.1.3\mybatis-spring-boot-starter-2.1.3.jar;E:\Maven\apache-maven-3.6.3\repo\org\mybatis\spring\boot\mybatis-spring-boot-autoconfigure\2.1.3\mybatis-spring-boot-autoconfigure-2.1.3.jar;E:\Maven\apache-maven-3.6.3\repo\org\mybatis\mybatis\3.5.5\mybatis-3.5.5.jar;E:\Maven\apache-maven-3.6.3\repo\com\github\pagehelper\pagehelper-spring-boot-autoconfigure\1.3.0\pagehelper-spring-boot-autoconfigure-1.3.0.jar;E:\Maven\apache-maven-3.6.3\repo\com\github\pagehelper\pagehelper\5.2.0\pagehelper-5.2.0.jar;E:\Maven\apache-maven-3.6.3\repo\com\github\jsqlparser\jsqlparser\3.2\jsqlparser-3.2.jar;E:\Maven\apache-maven-3.6.3\repo\org\projectlombok\lombok\1.18.12\lombok-1.18.12.jar;E:\Maven\apache-maven-3.6.3\repo\org\thymeleaf\extras\thymeleaf-extras-java8time\3.0.4.RELEASE\thymeleaf-extras-java8time-3.0.4.RELEASE.jar;E:\Maven\apache-maven-3.6.3\repo\org\thymeleaf\thymeleaf\3.0.11.RELEASE\thymeleaf-3.0.11.RELEASE.jar;E:\Maven\apache-maven-3.6.3\repo\ognl\ognl\3.1.12\ognl-3.1.12.jar;E:\Maven\apache-maven-3.6.3\repo\org\javassist\javassist\3.20.0-GA\javassist-3.20.0-GA.jar;E:\Maven\apache-maven-3.6.3\repo\org\attoparser\attoparser\2.0.5.RELEASE\attoparser-2.0.5.RELEASE.jar;E:\Maven\apache-maven-3.6.3\repo\org\unbescape\unbescape\1.1.6.RELEASE\unbescape-1.1.6.RELEASE.jar;E:\Maven\apache-maven-3.6.3\repo\com\atlassian\commonmark\commonmark\0.15.2\commonmark-0.15.2.jar;E:\Maven\apache-maven-3.6.3\repo\com\atlassian\commonmark\commonmark-ext-heading-anchor\0.15.2\commonmark-ext-heading-anchor-0.15.2.jar;E:\Maven\apache-maven-3.6.3\repo\com\atlassian\commonmark\commonmark-ext-gfm-tables\0.15.2\commonmark-ext-gfm-tables-0.15.2.jar;E:\Maven\apache-maven-3.6.3\repo\org\springframework\boot\spring-boot-starter-test\2.3.2.RELEASE\spring-boot-starter-test-2.3.2.RELEASE.jar;E:\Maven\apache-maven-3.6.3\repo\org\springframework\boot\spring-boot-test\2.3.2.RELEASE\spring-boot-test-2.3.2.RELEASE.jar;E:\Maven\apache-maven-3.6.3\repo\org\springframework\boot\spring-boot-test-autoconfigure\2.3.2.RELEASE\spring-boot-test-autoconfigure-2.3.2.RELEASE.jar;E:\Maven\apache-maven-3.6.3\repo\com\jayway\jsonpath\json-path\2.4.0\json-path-2.4.0.jar;E:\Maven\apache-maven-3.6.3\repo\net\minidev\json-smart\2.3\json-smart-2.3.jar;E:\Maven\apache-maven-3.6.3\repo\net\minidev\accessors-smart\1.2\accessors-smart-1.2.jar;E:\Maven\apache-maven-3.6.3\repo\org\ow2\asm\asm\5.0.4\asm-5.0.4.jar;E:\Maven\apache-maven-3.6.3\repo\jakarta\xml\bind\jakarta.xml.bind-api\2.3.3\jakarta.xml.bind-api-2.3.3.jar;E:\Maven\apache-maven-3.6.3\repo\jakarta\activation\jakarta.activation-api\1.2.2\jakarta.activation-api-1.2.2.jar;E:\Maven\apache-maven-3.6.3\repo\org\assertj\assertj-core\3.16.1\assertj-core-3.16.1.jar;E:\Maven\apache-maven-3.6.3\repo\org\hamcrest\hamcrest\2.2\hamcrest-2.2.jar;E:\Maven\apache-maven-3.6.3\repo\org\junit\jupiter\junit-jupiter\5.6.2\junit-jupiter-5.6.2.jar;E:\Maven\apache-maven-3.6.3\repo\org\junit\jupiter\junit-jupiter-api\5.6.2\junit-jupiter-api-5.6.2.jar;E:\Maven\apache-maven-3.6.3\repo\org\apiguardian\apiguardian-api\1.1.0\apiguardian-api-1.1.0.jar;E:\Maven\apache-maven-3.6.3\repo\org\opentest4j\opentest4j\1.2.0\opentest4j-1.2.0.jar;E:\Maven\apache-maven-3.6.3\repo\org\junit\platform\junit-platform-commons\1.6.2\junit-platform-commons-1.6.2.jar;E:\Maven\apache-maven-3.6.3\repo\org\junit\jupiter\junit-jupiter-params\5.6.2\junit-jupiter-params-5.6.2.jar;E:\Maven\apache-maven-3.6.3\repo\org\junit\jupiter\junit-jupiter-engine\5.6.2\junit-jupiter-engine-5.6.2.jar;E:\Maven\apache-maven-3.6.3\repo\org\junit\platform\junit-platform-engine\1.6.2\junit-platform-engine-1.6.2.jar;E:\Maven\apache-maven-3.6.3\repo\org\mockito\mockito-core\3.3.3\mockito-core-3.3.3.jar;E:\Maven\apache-maven-3.6.3\repo\net\bytebuddy\byte-buddy\1.10.13\byte-buddy-1.10.13.jar;E:\Maven\apache-maven-3.6.3\repo\net\bytebuddy\byte-buddy-agent\1.10.13\byte-buddy-agent-1.10.13.jar;E:\Maven\apache-maven-3.6.3\repo\org\objenesis\objenesis\2.6\objenesis-2.6.jar;E:\Maven\apache-maven-3.6.3\repo\org\mockito\mockito-junit-jupiter\3.3.3\mockito-junit-jupiter-3.3.3.jar;E:\Maven\apache-maven-3.6.3\repo\org\skyscreamer\jsonassert\1.5.0\jsonassert-1.5.0.jar;E:\Maven\apache-maven-3.6.3\repo\com\vaadin\external\google\android-json\0.0.20131108.vaadin1\android-json-0.0.20131108.vaadin1.jar;E:\Maven\apache-maven-3.6.3\repo\org\springframework\spring-core\5.2.8.RELEASE\spring-core-5.2.8.RELEASE.jar;E:\Maven\apache-maven-3.6.3\repo\org\springframework\spring-jcl\5.2.8.RELEASE\spring-jcl-5.2.8.RELEASE.jar;E:\Maven\apache-maven-3.6.3\repo\org\springframework\spring-test\5.2.8.RELEASE\spring-test-5.2.8.RELEASE.jar;E:\Maven\apache-maven-3.6.3\repo\org\xmlunit\xmlunit-core\2.7.0\xmlunit-core-2.7.0.jar;"/>
    <property name="java.vm.vendor" value="Oracle Corporation"/>
    <property name="sun.arch.data.model" value="64"/>
    <property name="user.variant" value=""/>
    <property name="java.vendor.url" value="https://java.oracle.com/"/>
    <property name="user.timezone" value="Asia/Shanghai"/>
    <property name="os.name" value="Windows 10"/>
    <property name="java.vm.specification.version" value="12"/>
    <property name="sun.java.launcher" value="SUN_STANDARD"/>
    <property name="user.country" value="CN"/>
    <property name="sun.boot.library.path" value="E:\JDK\Java12\bin"/>
    <property name="sun.java.command" value="C:\Users\Mumu\AppData\Local\Temp\surefire13206970591634794980\surefirebooter16633022333104190466.jar C:\Users\Mumu\AppData\Local\Temp\surefire13206970591634794980 2020-08-18T18-54-12_672-jvmRun1 surefire1625924697980146442tmp surefire_03783715968848951427tmp"/>
    <property name="jdk.debug" value="release"/>
    <property name="surefire.test.class.path" value="E:\JavaCode\Idea-workplace\sunnyblog\target\test-classes;E:\JavaCode\Idea-workplace\sunnyblog\target\classes;E:\Maven\apache-maven-3.6.3\repo\org\springframework\boot\spring-boot-starter-web\2.3.2.RELEASE\spring-boot-starter-web-2.3.2.RELEASE.jar;E:\Maven\apache-maven-3.6.3\repo\org\springframework\boot\spring-boot-starter\2.3.2.RELEASE\spring-boot-starter-2.3.2.RELEASE.jar;E:\Maven\apache-maven-3.6.3\repo\org\springframework\boot\spring-boot-starter-logging\2.3.2.RELEASE\spring-boot-starter-logging-2.3.2.RELEASE.jar;E:\Maven\apache-maven-3.6.3\repo\ch\qos\logback\logback-classic\1.2.3\logback-classic-1.2.3.jar;E:\Maven\apache-maven-3.6.3\repo\ch\qos\logback\logback-core\1.2.3\logback-core-1.2.3.jar;E:\Maven\apache-maven-3.6.3\repo\org\apache\logging\log4j\log4j-to-slf4j\2.13.3\log4j-to-slf4j-2.13.3.jar;E:\Maven\apache-maven-3.6.3\repo\org\apache\logging\log4j\log4j-api\2.13.3\log4j-api-2.13.3.jar;E:\Maven\apache-maven-3.6.3\repo\org\slf4j\jul-to-slf4j\1.7.30\jul-to-slf4j-1.7.30.jar;E:\Maven\apache-maven-3.6.3\repo\jakarta\annotation\jakarta.annotation-api\1.3.5\jakarta.annotation-api-1.3.5.jar;E:\Maven\apache-maven-3.6.3\repo\org\yaml\snakeyaml\1.26\snakeyaml-1.26.jar;E:\Maven\apache-maven-3.6.3\repo\org\springframework\boot\spring-boot-starter-json\2.3.2.RELEASE\spring-boot-starter-json-2.3.2.RELEASE.jar;E:\Maven\apache-maven-3.6.3\repo\com\fasterxml\jackson\core\jackson-databind\2.11.1\jackson-databind-2.11.1.jar;E:\Maven\apache-maven-3.6.3\repo\com\fasterxml\jackson\core\jackson-annotations\2.11.1\jackson-annotations-2.11.1.jar;E:\Maven\apache-maven-3.6.3\repo\com\fasterxml\jackson\core\jackson-core\2.11.1\jackson-core-2.11.1.jar;E:\Maven\apache-maven-3.6.3\repo\com\fasterxml\jackson\datatype\jackson-datatype-jdk8\2.11.1\jackson-datatype-jdk8-2.11.1.jar;E:\Maven\apache-maven-3.6.3\repo\com\fasterxml\jackson\datatype\jackson-datatype-jsr310\2.11.1\jackson-datatype-jsr310-2.11.1.jar;E:\Maven\apache-maven-3.6.3\repo\com\fasterxml\jackson\module\jackson-module-parameter-names\2.11.1\jackson-module-parameter-names-2.11.1.jar;E:\Maven\apache-maven-3.6.3\repo\org\springframework\boot\spring-boot-starter-tomcat\2.3.2.RELEASE\spring-boot-starter-tomcat-2.3.2.RELEASE.jar;E:\Maven\apache-maven-3.6.3\repo\org\apache\tomcat\embed\tomcat-embed-core\9.0.37\tomcat-embed-core-9.0.37.jar;E:\Maven\apache-maven-3.6.3\repo\org\glassfish\jakarta.el\3.0.3\jakarta.el-3.0.3.jar;E:\Maven\apache-maven-3.6.3\repo\org\apache\tomcat\embed\tomcat-embed-websocket\9.0.37\tomcat-embed-websocket-9.0.37.jar;E:\Maven\apache-maven-3.6.3\repo\org\springframework\spring-web\5.2.8.RELEASE\spring-web-5.2.8.RELEASE.jar;E:\Maven\apache-maven-3.6.3\repo\org\springframework\spring-beans\5.2.8.RELEASE\spring-beans-5.2.8.RELEASE.jar;E:\Maven\apache-maven-3.6.3\repo\org\springframework\spring-webmvc\5.2.8.RELEASE\spring-webmvc-5.2.8.RELEASE.jar;E:\Maven\apache-maven-3.6.3\repo\org\springframework\spring-context\5.2.8.RELEASE\spring-context-5.2.8.RELEASE.jar;E:\Maven\apache-maven-3.6.3\repo\org\springframework\spring-expression\5.2.8.RELEASE\spring-expression-5.2.8.RELEASE.jar;E:\Maven\apache-maven-3.6.3\repo\org\springframework\boot\spring-boot-devtools\2.3.2.RELEASE\spring-boot-devtools-2.3.2.RELEASE.jar;E:\Maven\apache-maven-3.6.3\repo\org\springframework\boot\spring-boot\2.3.2.RELEASE\spring-boot-2.3.2.RELEASE.jar;E:\Maven\apache-maven-3.6.3\repo\org\springframework\boot\spring-boot-autoconfigure\2.3.2.RELEASE\spring-boot-autoconfigure-2.3.2.RELEASE.jar;E:\Maven\apache-maven-3.6.3\repo\org\springframework\boot\spring-boot-starter-aop\2.3.2.RELEASE\spring-boot-starter-aop-2.3.2.RELEASE.jar;E:\Maven\apache-maven-3.6.3\repo\org\springframework\spring-aop\5.2.8.RELEASE\spring-aop-5.2.8.RELEASE.jar;E:\Maven\apache-maven-3.6.3\repo\org\aspectj\aspectjweaver\1.9.6\aspectjweaver-1.9.6.jar;E:\Maven\apache-maven-3.6.3\repo\org\springframework\boot\spring-boot-starter-thymeleaf\2.3.2.RELEASE\spring-boot-starter-thymeleaf-2.3.2.RELEASE.jar;E:\Maven\apache-maven-3.6.3\repo\org\thymeleaf\thymeleaf-spring5\3.0.11.RELEASE\thymeleaf-spring5-3.0.11.RELEASE.jar;E:\Maven\apache-maven-3.6.3\repo\net\sourceforge\nekohtml\nekohtml\1.9.22\nekohtml-1.9.22.jar;E:\Maven\apache-maven-3.6.3\repo\xerces\xercesImpl\2.11.0\xercesImpl-2.11.0.jar;E:\Maven\apache-maven-3.6.3\repo\xml-apis\xml-apis\1.4.01\xml-apis-1.4.01.jar;E:\Maven\apache-maven-3.6.3\repo\com\baomidou\mybatis-plus-boot-starter\3.3.2\mybatis-plus-boot-starter-3.3.2.jar;E:\Maven\apache-maven-3.6.3\repo\com\baomidou\mybatis-plus\3.3.2\mybatis-plus-3.3.2.jar;E:\Maven\apache-maven-3.6.3\repo\org\springframework\boot\spring-boot-starter-jdbc\2.3.2.RELEASE\spring-boot-starter-jdbc-2.3.2.RELEASE.jar;E:\Maven\apache-maven-3.6.3\repo\com\zaxxer\HikariCP\3.4.5\HikariCP-3.4.5.jar;E:\Maven\apache-maven-3.6.3\repo\org\springframework\spring-jdbc\5.2.8.RELEASE\spring-jdbc-5.2.8.RELEASE.jar;E:\Maven\apache-maven-3.6.3\repo\org\springframework\spring-tx\5.2.8.RELEASE\spring-tx-5.2.8.RELEASE.jar;E:\Maven\apache-maven-3.6.3\repo\com\baomidou\mybatis-plus-generator\3.3.2\mybatis-plus-generator-3.3.2.jar;E:\Maven\apache-maven-3.6.3\repo\com\baomidou\mybatis-plus-extension\3.3.2\mybatis-plus-extension-3.3.2.jar;E:\Maven\apache-maven-3.6.3\repo\com\baomidou\mybatis-plus-core\3.3.2\mybatis-plus-core-3.3.2.jar;E:\Maven\apache-maven-3.6.3\repo\com\baomidou\mybatis-plus-annotation\3.3.2\mybatis-plus-annotation-3.3.2.jar;E:\Maven\apache-maven-3.6.3\repo\org\mybatis\mybatis-spring\2.0.4\mybatis-spring-2.0.4.jar;E:\Maven\apache-maven-3.6.3\repo\org\apache\velocity\velocity-engine-core\2.2\velocity-engine-core-2.2.jar;E:\Maven\apache-maven-3.6.3\repo\org\apache\commons\commons-lang3\3.10\commons-lang3-3.10.jar;E:\Maven\apache-maven-3.6.3\repo\org\slf4j\slf4j-api\1.7.30\slf4j-api-1.7.30.jar;E:\Maven\apache-maven-3.6.3\repo\mysql\mysql-connector-java\8.0.21\mysql-connector-java-8.0.21.jar;E:\Maven\apache-maven-3.6.3\repo\com\alibaba\druid\1.1.23\druid-1.1.23.jar;E:\Maven\apache-maven-3.6.3\repo\org\apache\shiro\shiro-spring\1.5.3\shiro-spring-1.5.3.jar;E:\Maven\apache-maven-3.6.3\repo\org\apache\shiro\shiro-core\1.5.3\shiro-core-1.5.3.jar;E:\Maven\apache-maven-3.6.3\repo\org\apache\shiro\shiro-lang\1.5.3\shiro-lang-1.5.3.jar;E:\Maven\apache-maven-3.6.3\repo\org\apache\shiro\shiro-cache\1.5.3\shiro-cache-1.5.3.jar;E:\Maven\apache-maven-3.6.3\repo\org\apache\shiro\shiro-crypto-hash\1.5.3\shiro-crypto-hash-1.5.3.jar;E:\Maven\apache-maven-3.6.3\repo\org\apache\shiro\shiro-crypto-core\1.5.3\shiro-crypto-core-1.5.3.jar;E:\Maven\apache-maven-3.6.3\repo\org\apache\shiro\shiro-crypto-cipher\1.5.3\shiro-crypto-cipher-1.5.3.jar;E:\Maven\apache-maven-3.6.3\repo\org\apache\shiro\shiro-config-core\1.5.3\shiro-config-core-1.5.3.jar;E:\Maven\apache-maven-3.6.3\repo\org\apache\shiro\shiro-config-ogdl\1.5.3\shiro-config-ogdl-1.5.3.jar;E:\Maven\apache-maven-3.6.3\repo\commons-beanutils\commons-beanutils\1.9.4\commons-beanutils-1.9.4.jar;E:\Maven\apache-maven-3.6.3\repo\commons-collections\commons-collections\3.2.2\commons-collections-3.2.2.jar;E:\Maven\apache-maven-3.6.3\repo\org\apache\shiro\shiro-event\1.5.3\shiro-event-1.5.3.jar;E:\Maven\apache-maven-3.6.3\repo\org\apache\shiro\shiro-web\1.5.3\shiro-web-1.5.3.jar;E:\Maven\apache-maven-3.6.3\repo\org\owasp\encoder\encoder\1.2.2\encoder-1.2.2.jar;E:\Maven\apache-maven-3.6.3\repo\com\github\pagehelper\pagehelper-spring-boot-starter\1.3.0\pagehelper-spring-boot-starter-1.3.0.jar;E:\Maven\apache-maven-3.6.3\repo\org\mybatis\spring\boot\mybatis-spring-boot-starter\2.1.3\mybatis-spring-boot-starter-2.1.3.jar;E:\Maven\apache-maven-3.6.3\repo\org\mybatis\spring\boot\mybatis-spring-boot-autoconfigure\2.1.3\mybatis-spring-boot-autoconfigure-2.1.3.jar;E:\Maven\apache-maven-3.6.3\repo\org\mybatis\mybatis\3.5.5\mybatis-3.5.5.jar;E:\Maven\apache-maven-3.6.3\repo\com\github\pagehelper\pagehelper-spring-boot-autoconfigure\1.3.0\pagehelper-spring-boot-autoconfigure-1.3.0.jar;E:\Maven\apache-maven-3.6.3\repo\com\github\pagehelper\pagehelper\5.2.0\pagehelper-5.2.0.jar;E:\Maven\apache-maven-3.6.3\repo\com\github\jsqlparser\jsqlparser\3.2\jsqlparser-3.2.jar;E:\Maven\apache-maven-3.6.3\repo\org\projectlombok\lombok\1.18.12\lombok-1.18.12.jar;E:\Maven\apache-maven-3.6.3\repo\org\thymeleaf\extras\thymeleaf-extras-java8time\3.0.4.RELEASE\thymeleaf-extras-java8time-3.0.4.RELEASE.jar;E:\Maven\apache-maven-3.6.3\repo\org\thymeleaf\thymeleaf\3.0.11.RELEASE\thymeleaf-3.0.11.RELEASE.jar;E:\Maven\apache-maven-3.6.3\repo\ognl\ognl\3.1.12\ognl-3.1.12.jar;E:\Maven\apache-maven-3.6.3\repo\org\javassist\javassist\3.20.0-GA\javassist-3.20.0-GA.jar;E:\Maven\apache-maven-3.6.3\repo\org\attoparser\attoparser\2.0.5.RELEASE\attoparser-2.0.5.RELEASE.jar;E:\Maven\apache-maven-3.6.3\repo\org\unbescape\unbescape\1.1.6.RELEASE\unbescape-1.1.6.RELEASE.jar;E:\Maven\apache-maven-3.6.3\repo\com\atlassian\commonmark\commonmark\0.15.2\commonmark-0.15.2.jar;E:\Maven\apache-maven-3.6.3\repo\com\atlassian\commonmark\commonmark-ext-heading-anchor\0.15.2\commonmark-ext-heading-anchor-0.15.2.jar;E:\Maven\apache-maven-3.6.3\repo\com\atlassian\commonmark\commonmark-ext-gfm-tables\0.15.2\commonmark-ext-gfm-tables-0.15.2.jar;E:\Maven\apache-maven-3.6.3\repo\org\springframework\boot\spring-boot-starter-test\2.3.2.RELEASE\spring-boot-starter-test-2.3.2.RELEASE.jar;E:\Maven\apache-maven-3.6.3\repo\org\springframework\boot\spring-boot-test\2.3.2.RELEASE\spring-boot-test-2.3.2.RELEASE.jar;E:\Maven\apache-maven-3.6.3\repo\org\springframework\boot\spring-boot-test-autoconfigure\2.3.2.RELEASE\spring-boot-test-autoconfigure-2.3.2.RELEASE.jar;E:\Maven\apache-maven-3.6.3\repo\com\jayway\jsonpath\json-path\2.4.0\json-path-2.4.0.jar;E:\Maven\apache-maven-3.6.3\repo\net\minidev\json-smart\2.3\json-smart-2.3.jar;E:\Maven\apache-maven-3.6.3\repo\net\minidev\accessors-smart\1.2\accessors-smart-1.2.jar;E:\Maven\apache-maven-3.6.3\repo\org\ow2\asm\asm\5.0.4\asm-5.0.4.jar;E:\Maven\apache-maven-3.6.3\repo\jakarta\xml\bind\jakarta.xml.bind-api\2.3.3\jakarta.xml.bind-api-2.3.3.jar;E:\Maven\apache-maven-3.6.3\repo\jakarta\activation\jakarta.activation-api\1.2.2\jakarta.activation-api-1.2.2.jar;E:\Maven\apache-maven-3.6.3\repo\org\assertj\assertj-core\3.16.1\assertj-core-3.16.1.jar;E:\Maven\apache-maven-3.6.3\repo\org\hamcrest\hamcrest\2.2\hamcrest-2.2.jar;E:\Maven\apache-maven-3.6.3\repo\org\junit\jupiter\junit-jupiter\5.6.2\junit-jupiter-5.6.2.jar;E:\Maven\apache-maven-3.6.3\repo\org\junit\jupiter\junit-jupiter-api\5.6.2\junit-jupiter-api-5.6.2.jar;E:\Maven\apache-maven-3.6.3\repo\org\apiguardian\apiguardian-api\1.1.0\apiguardian-api-1.1.0.jar;E:\Maven\apache-maven-3.6.3\repo\org\opentest4j\opentest4j\1.2.0\opentest4j-1.2.0.jar;E:\Maven\apache-maven-3.6.3\repo\org\junit\platform\junit-platform-commons\1.6.2\junit-platform-commons-1.6.2.jar;E:\Maven\apache-maven-3.6.3\repo\org\junit\jupiter\junit-jupiter-params\5.6.2\junit-jupiter-params-5.6.2.jar;E:\Maven\apache-maven-3.6.3\repo\org\junit\jupiter\junit-jupiter-engine\5.6.2\junit-jupiter-engine-5.6.2.jar;E:\Maven\apache-maven-3.6.3\repo\org\junit\platform\junit-platform-engine\1.6.2\junit-platform-engine-1.6.2.jar;E:\Maven\apache-maven-3.6.3\repo\org\mockito\mockito-core\3.3.3\mockito-core-3.3.3.jar;E:\Maven\apache-maven-3.6.3\repo\net\bytebuddy\byte-buddy\1.10.13\byte-buddy-1.10.13.jar;E:\Maven\apache-maven-3.6.3\repo\net\bytebuddy\byte-buddy-agent\1.10.13\byte-buddy-agent-1.10.13.jar;E:\Maven\apache-maven-3.6.3\repo\org\objenesis\objenesis\2.6\objenesis-2.6.jar;E:\Maven\apache-maven-3.6.3\repo\org\mockito\mockito-junit-jupiter\3.3.3\mockito-junit-jupiter-3.3.3.jar;E:\Maven\apache-maven-3.6.3\repo\org\skyscreamer\jsonassert\1.5.0\jsonassert-1.5.0.jar;E:\Maven\apache-maven-3.6.3\repo\com\vaadin\external\google\android-json\0.0.20131108.vaadin1\android-json-0.0.20131108.vaadin1.jar;E:\Maven\apache-maven-3.6.3\repo\org\springframework\spring-core\5.2.8.RELEASE\spring-core-5.2.8.RELEASE.jar;E:\Maven\apache-maven-3.6.3\repo\org\springframework\spring-jcl\5.2.8.RELEASE\spring-jcl-5.2.8.RELEASE.jar;E:\Maven\apache-maven-3.6.3\repo\org\springframework\spring-test\5.2.8.RELEASE\spring-test-5.2.8.RELEASE.jar;E:\Maven\apache-maven-3.6.3\repo\org\xmlunit\xmlunit-core\2.7.0\xmlunit-core-2.7.0.jar;"/>
    <property name="sun.cpu.endian" value="little"/>
    <property name="user.home" value="C:\Users\Mumu"/>
    <property name="user.language" value="zh"/>
    <property name="java.specification.vendor" value="Oracle Corporation"/>
    <property name="java.version.date" value="2019-03-19"/>
    <property name="java.home" value="E:\JDK\Java12"/>
    <property name="file.separator" value="\"/>
    <property name="basedir" value="E:\JavaCode\Idea-workplace\sunnyblog"/>
    <property name="java.vm.compressedOopsMode" value="Zero based"/>
    <property name="line.separator" value="&#10;"/>
    <property name="java.vm.specification.vendor" value="Oracle Corporation"/>
    <property name="java.specification.name" value="Java Platform API Specification"/>
    <property name="java.awt.graphicsenv" value="sun.awt.Win32GraphicsEnvironment"/>
    <property name="surefire.real.class.path" value="C:\Users\Mumu\AppData\Local\Temp\surefire13206970591634794980\surefirebooter16633022333104190466.jar"/>
    <property name="user.script" value=""/>
    <property name="sun.management.compiler" value="HotSpot 64-Bit Tiered Compilers"/>
    <property name="java.runtime.version" value="12+33"/>
    <property name="user.name" value="Mumu"/>
    <property name="path.separator" value=";"/>
    <property name="os.version" value="10.0"/>
    <property name="java.runtime.name" value="Java(TM) SE Runtime Environment"/>
    <property name="file.encoding" value="GBK"/>
    <property name="java.vm.name" value="Java HotSpot(TM) 64-Bit Server VM"/>
    <property name="localRepository" value="E:\Maven\apache-maven-3.6.3\repo"/>
    <property name="java.vendor.url.bug" value="https://bugreport.java.com/bugreport/"/>
    <property name="java.io.tmpdir" value="C:\Users\Mumu\AppData\Local\Temp\"/>
    <property name="idea.version" value="2020.2"/>
    <property name="java.version" value="12"/>
    <property name="user.dir" value="E:\JavaCode\Idea-workplace\sunnyblog"/>
    <property name="os.arch" value="amd64"/>
    <property name="java.vm.specification.name" value="Java Virtual Machine Specification"/>
    <property name="sun.os.patch.level" value=""/>
    <property name="java.library.path" value="E:\JDK\Java12\bin;C:\WINDOWS\Sun\Java\bin;C:\WINDOWS\system32;C:\WINDOWS;E:\Xshell\;E:\oracle\product\11.2.0\dbhome_1\bin;C:\Program Files (x86)\Razer\ChromaBroadcast\bin;C:\Program Files\Razer\ChromaBroadcast\bin;C:\Program Files (x86)\Razer Chroma SDK\bin;C:\Program Files\Razer Chroma SDK\bin;C:\Program Files (x86)\Intel\Intel(R) Management Engine Components\iCLS\;C:\Program Files\Intel\Intel(R) Management Engine Components\iCLS\;C:\Windows\system32;C:\Windows;C:\Windows\System32\Wbem;C:\Windows\System32\WindowsPowerShell\v1.0\;C:\Windows\System32\OpenSSH\;C:\Program Files (x86)\Intel\Intel(R) Management Engine Components\DAL;C:\Program Files\Intel\Intel(R) Management Engine Components\DAL;C:\Program Files (x86)\Intel\Intel(R) Management Engine Components\IPT;C:\Program Files\Intel\Intel(R) Management Engine Components\IPT;C:\Windows\system32\config\systemprofile\AppData\Local\Microsoft\WindowsApps;C:\Program Files\NVIDIA Corporation\NVIDIA NvDLISR;E:\JDK\Java8\java\bin;&quot;E:\JDK\Java8\java\jre\bin;&quot;;E:\cmder;C:\Program Files (x86)\NVIDIA Corporation\PhysX\Common;C:\WINDOWS\system32;C:\WINDOWS;C:\WINDOWS\System32\Wbem;C:\WINDOWS\System32\WindowsPowerShell\v1.0\;C:\WINDOWS\System32\OpenSSH\;E:\python\Scripts\;E:\python\;C:\Users\Mumu\AppData\Local\Microsoft\WindowsApps;E:\chromedriver;C:\Users\Mumu\AppData\Roaming\Composer\vendor\bin;C:\Users\Mumu\AppData\Local\BypassRuntm;E:\pycharm\PyCharm 2019.1.2\bin;C:\Users\Mumu\AppData\Local\Microsoft\WindowsApps;D:\Bandzip\;C:\Program Files\MySQL\MySQL Server 8.0\bin;E:\Tomcat\apache-tomcat-9.0.30\bin;E:\Maven\apache-maven-3.6.3\bin;E:\SqlServer\directory\share\Client SDK\ODBC\130\Tools\Binn\;E:\SqlServer\directory\sharex86\130\Tools\Binn\;E:\SqlServer\directory\share\130\Tools\Binn\;E:\SqlServer\directory\share\130\DTS\Binn\;E:\SqlServer\directory\sharex86\Client SDK\ODBC\130\Tools\Binn\;E:\SqlServer\directory\sharex86\130\DTS\Binn\;E:\SqlServer\directory\sharex86\130\Tools\Binn\ManagementStudio\;E:\Git\Git\cmd;E:\nodejs\;E:\mysql\MySQL\MySQL Server 8.0\bin;%PhpStorm%;C:\Program Files\PyCharm 2020.1.2\bin;C:\IDEA\IntelliJ IDEA 2020.1.2\bin;C:\Program Files\JetBrains\DataGrip 2020.1.5\bin;C:\Users\Mumu\AppData\Roaming\npm;."/>
    <property name="java.vm.info" value="mixed mode, sharing"/>
    <property name="java.vendor" value="Oracle Corporation"/>
    <property name="java.vm.version" value="12+33"/>
    <property name="sun.io.unicode.encoding" value="UnicodeLittle"/>
    <property name="maven.repo.local" value="E:\Maven\apache-maven-3.6.3\repo"/>
    <property name="java.class.version" value="56.0"/>
  </properties>
  <testcase name="test10" classname="pers.sunny.blog.SunnyblogApplicationTests" time="1.34"/>
  <testcase name="test11" classname="pers.sunny.blog.SunnyblogApplicationTests" time="0.046"/>
  <testcase name="test1" classname="pers.sunny.blog.SunnyblogApplicationTests" time="0.008"/>
  <testcase name="test2" classname="pers.sunny.blog.SunnyblogApplicationTests" time="0.096"/>
  <testcase name="test3" classname="pers.sunny.blog.SunnyblogApplicationTests" time="0.023"/>
  <testcase name="test4" classname="pers.sunny.blog.SunnyblogApplicationTests" time="0.865"/>
  <testcase name="test5" classname="pers.sunny.blog.SunnyblogApplicationTests" time="0.037"/>
  <testcase name="test6" classname="pers.sunny.blog.SunnyblogApplicationTests" time="0.041"/>
  <testcase name="test7" classname="pers.sunny.blog.SunnyblogApplicationTests" time="0.064"/>
  <testcase name="test8" classname="pers.sunny.blog.SunnyblogApplicationTests" time="0.038"/>
  <testcase name="test9" classname="pers.sunny.blog.SunnyblogApplicationTests" time="0.122"/>
  <testcase name="contextLoads" classname="pers.sunny.blog.SunnyblogApplicationTests" time="0.015"/>
</testsuite>